{"D:\\Users\\wi_an\\Desktop\\UCB 2-2023\\INGESOFTWARE\\Primer Parcial\\Examen\\resexameningsoft-1\\src\\validar.js": {"path":"D:\\Users\\wi_an\\Desktop\\UCB 2-2023\\INGESOFTWARE\\Primer Parcial\\Examen\\resexameningsoft-1\\src\\validar.js","statementMap":{"0":{"start":{"line":2,"column":17},"end":{"line":2,"column":33}},"1":{"start":{"line":3,"column":23},"end":{"line":3,"column":38}},"2":{"start":{"line":5,"column":2},"end":{"line":5,"column":24}}},"fnMap":{"0":{"name":"contartexto","decl":{"start":{"line":1,"column":9},"end":{"line":1,"column":20}},"loc":{"start":{"line":1,"column":28},"end":{"line":6,"column":1}},"line":1}},"branchMap":{},"s":{"0":1,"1":1,"2":1},"f":{"0":1},"b":{},"_coverageSchema":"1a1c01bbd47fc00a2c39e90264f33305004495a9","hash":"2ee072a9d59d9b5c18b1f1cd6098f520d26e5523"}
}
